<?xml version="1.0" encoding="UTF-8"?>
<testsuite name="com.example.project.StudentTest" tests="9" skipped="0" failures="0" errors="0" timestamp="2025-10-20T00:02:56.250Z" hostname="codespaces-8031bf" time="0.046">
  <properties/>
  <testcase name="testIsPassing()" classname="com.example.project.StudentTest" time="0.019"/>
  <testcase name="testMultipleStudentsAreIndependent()" classname="com.example.project.StudentTest" time="0.002"/>
  <testcase name="testGetLastName()" classname="com.example.project.StudentTest" time="0.001"/>
  <testcase name="testGetFirstName()" classname="com.example.project.StudentTest" time="0.001"/>
  <testcase name="testInitialTestScoreCountAndHighest()" classname="com.example.project.StudentTest" time="0.001"/>
  <testcase name="testSAddTestScore()" classname="com.example.project.StudentTest" time="0.002"/>
  <testcase name="testGetHighestTestScore()" classname="com.example.project.StudentTest" time="0.001"/>
  <testcase name="testSetGradYear()" classname="com.example.project.StudentTest" time="0.001"/>
  <testcase name="testAverageTestScore()" classname="com.example.project.StudentTest" time="0.001"/>
  <system-out><![CDATA[]]></system-out>
  <system-err><![CDATA[]]></system-err>
</testsuite>
